<?xml version="1.0" encoding="UTF-8"?>
<testng-results skipped="0" failed="0" total="1" passed="1">
  <reporter-output>
  </reporter-output>
  <suite name="Default suite" duration-ms="9502" started-at="2020-12-01T19:08:50Z" finished-at="2020-12-01T19:08:59Z">
    <groups>
    </groups>
    <test name="Default test" duration-ms="9502" started-at="2020-12-01T19:08:50Z" finished-at="2020-12-01T19:08:59Z">
      <class name="testdemo.TestNG_Demo.TestDemo">
        <test-method status="PASS" signature="testA()[pri:0, instance:testdemo.TestNG_Demo.TestDemo@18be83e4]" name="testA" duration-ms="9489" started-at="2020-12-02T02:08:50Z" finished-at="2020-12-02T02:08:59Z">
          <reporter-output>
          </reporter-output>
        </test-method> <!-- testA -->
      </class> <!-- testdemo.TestNG_Demo.TestDemo -->
    </test> <!-- Default test -->
  </suite> <!-- Default suite -->
</testng-results>
